0 info it worked if it ends with ok
1 verbose cli [ 'node', '/usr/local/bin/npm', 'install', 'heroku-toolbelt.pkg' ]
2 info using npm@2.1.17
3 info using node@v0.10.35
4 verbose node symlink /usr/local/bin/node
5 warn package.json parse@1.3.5 No repository field.
6 silly cache add args [ 'heroku-toolbelt.pkg', null ]
7 verbose cache add spec heroku-toolbelt.pkg
8 silly cache add parsed spec { raw: 'heroku-toolbelt.pkg',
8 silly cache add   scope: null,
8 silly cache add   name: null,
8 silly cache add   rawSpec: 'heroku-toolbelt.pkg',
8 silly cache add   spec: '/Users/PMarsh/Github Projects/Metro-Retro/heroku-toolbelt.pkg',
8 silly cache add   type: 'local' }
9 silly addLocalTarball shasum (computed) 9bf964fdd6ed1f62fc2df4d1d0241ba018052b17
10 verbose addTmpTarball /Users/PMarsh/Github Projects/Metro-Retro/heroku-toolbelt.pkg not in flight; adding
11 verbose addTmpTarball validating metadata from /Users/PMarsh/Github Projects/Metro-Retro/heroku-toolbelt.pkg
12 verbose tar unpack /Users/PMarsh/Github Projects/Metro-Retro/heroku-toolbelt.pkg
13 verbose tar unpacking to /var/folders/0w/xd8xdh753dgcqzrn_2_vnk5h0000gp/T/npm-1989-bb494df2/unpack-cf30d06563f3
14 verbose gentlyRm vacuuming /var/folders/0w/xd8xdh753dgcqzrn_2_vnk5h0000gp/T/npm-1989-bb494df2/unpack-cf30d06563f3
15 silly gunzTarPerm modes [ '755', '644' ]
16 error not a package /Users/PMarsh/Github Projects/Metro-Retro/heroku-toolbelt.pkg
17 error addLocal Could not install /Users/PMarsh/Github Projects/Metro-Retro/heroku-toolbelt.pkg
18 verbose stack Error: ENOENT, open '/var/folders/0w/xd8xdh753dgcqzrn_2_vnk5h0000gp/T/npm-1989-bb494df2/unpack-cf30d06563f3/package.json'
19 verbose cwd /Users/PMarsh/Github Projects/Metro-Retro
20 error Darwin 14.0.0
21 error argv "node" "/usr/local/bin/npm" "install" "heroku-toolbelt.pkg"
22 error node v0.10.35
23 error npm  v2.1.17
24 error path /var/folders/0w/xd8xdh753dgcqzrn_2_vnk5h0000gp/T/npm-1989-bb494df2/unpack-cf30d06563f3/package.json
25 error code ENOENT
26 error errno 34
27 error enoent ENOENT, open '/var/folders/0w/xd8xdh753dgcqzrn_2_vnk5h0000gp/T/npm-1989-bb494df2/unpack-cf30d06563f3/package.json'
27 error enoent This is most likely not a problem with npm itself
27 error enoent and is related to npm not being able to find a file.
28 verbose exit [ 34, true ]
